MyBleServer/app/build/intermediates/manifest_merge_blame_file/release/manifest-merger-blame-release-report.txt
1<?xml version="1.0" encoding="utf-8"?>
2<manifest xmlns:android="http://schemas.android.com/apk/res/android"
3    package="com.myapp.mybleserver"
4    android:versionCode="1"
5    android:versionName="1.0" >
6
7    <uses-sdk
8        android:minSdkVersion="25"
8-->src/main/AndroidManifest.xml
9        android:targetSdkVersion="29" />
9-->src/main/AndroidManifest.xml
10
11    <uses-permission android:name="android.permission.ACCESS_SUPERUSER" />
11-->src/main/AndroidManifest.xml:7:5-75
11-->src/main/AndroidManifest.xml:7:22-72
12    <uses-permission android:name="android.permission.INTERNET" />
12-->src/main/AndroidManifest.xml:8:5-67
12-->src/main/AndroidManifest.xml:8:22-64
13    <uses-permission android:name="android.permission.ACCESS_ROOT" />
13-->src/main/AndroidManifest.xml:9:5-70
13-->src/main/AndroidManifest.xml:9:22-67
14    <uses-permission
14-->src/main/AndroidManifest.xml:12:5-68
15        android:name="android.permission.BLUETOOTH"
15-->src/main/AndroidManifest.xml:12:22-65
16        android:maxSdkVersion="30" />
16-->[no.nordicsemi.android:ble:2.5.0] AndroidManifest.xml:14:9-35
17    <uses-permission android:name="android.permission.BLUETOOTH_ADMIN" />
17-->src/main/AndroidManifest.xml:13:5-74
17-->src/main/AndroidManifest.xml:13:22-71
18    <uses-permission android:name="android.permission.ACCESS_FINE_LOCATION" />
18-->src/main/AndroidManifest.xml:14:5-79
18-->src/main/AndroidManifest.xml:14:22-76
19    <uses-permission android:name="android.permission.ACCESS_COARSE_LOCATION" />
19-->src/main/AndroidManifest.xml:15:5-81
19-->src/main/AndroidManifest.xml:15:22-78
20    <uses-permission android:name="android.permission.BLUETOOTH_ADVERTISE" />
20-->src/main/AndroidManifest.xml:16:5-78
20-->src/main/AndroidManifest.xml:16:22-75
21    <uses-permission android:name="android.permission.BLUETOOTH_CONNECT" />
21-->src/main/AndroidManifest.xml:17:5-76
21-->src/main/AndroidManifest.xml:17:22-73
22    <uses-permission android:name="android.permission.BLUETOOTH_SCAN" />
22-->src/main/AndroidManifest.xml:18:5-73
22-->src/main/AndroidManifest.xml:18:22-70
23    <uses-permission android:name="android.permission.FOREGROUND_SERVICE" />
23-->src/main/AndroidManifest.xml:19:5-77
23-->src/main/AndroidManifest.xml:19:22-74
24    <uses-permission android:name="android.permission.BATTERY_STATS" />
24-->src/main/AndroidManifest.xml:21:5-22:47
24-->src/main/AndroidManifest.xml:21:22-69
25
26    <!-- wifi 热点权限 -->
27    <uses-permission android:name="android.permission.ACCESS_WIFI_STATE" />
27-->src/main/AndroidManifest.xml:25:5-76
27-->src/main/AndroidManifest.xml:25:22-73
28    <uses-permission android:name="android.permission.CHANGE_WIFI_STATE" />
28-->src/main/AndroidManifest.xml:26:5-76
28-->src/main/AndroidManifest.xml:26:22-73
29    <uses-permission android:name="android.permission.CHANGE_NETWORK_STATE" />
29-->src/main/AndroidManifest.xml:27:5-79
29-->src/main/AndroidManifest.xml:27:22-76
30    <uses-permission android:name="android.permission.ACCESS_NETWORK_STATE" />
30-->src/main/AndroidManifest.xml:28:5-79
30-->src/main/AndroidManifest.xml:28:22-76
31
32    <!-- Android 10 及以上需要额外的权限 -->
33    <uses-permission android:name="android.permission.ACCESS_BACKGROUND_LOCATION" />
33-->src/main/AndroidManifest.xml:31:5-85
33-->src/main/AndroidManifest.xml:31:22-82
34
35    <application
35-->src/main/AndroidManifest.xml:38:5-72:19
36        android:name="com.myapp.mybleserver.MyApp"
36-->src/main/AndroidManifest.xml:41:9-30
37        android:allowBackup="true"
37-->src/main/AndroidManifest.xml:39:9-35
38        android:appComponentFactory="androidx.core.app.CoreComponentFactory"
38-->[androidx.core:core:1.0.1] AndroidManifest.xml:22:18-86
39        android:extractNativeLibs="false"
40        android:icon="@mipmap/ic_launcher"
40-->src/main/AndroidManifest.xml:42:9-43
41        android:label="@string/app_name"
41-->src/main/AndroidManifest.xml:43:9-41
42        android:roundIcon="@mipmap/ic_launcher_round"
42-->src/main/AndroidManifest.xml:44:9-54
43        android:supportsRtl="true"
43-->src/main/AndroidManifest.xml:45:9-35
44        android:testOnly="false"
44-->src/main/AndroidManifest.xml:40:9-33
45        android:theme="@style/AppTheme" >
45-->src/main/AndroidManifest.xml:46:9-40
46        <activity android:name="com.myapp.mybleserver.MainActivity" >
46-->src/main/AndroidManifest.xml:47:9-53:20
46-->src/main/AndroidManifest.xml:47:19-47
47            <intent-filter>
47-->src/main/AndroidManifest.xml:48:13-52:29
48                <action android:name="android.intent.action.MAIN" />
48-->src/main/AndroidManifest.xml:49:17-69
48-->src/main/AndroidManifest.xml:49:25-66
49
50                <category android:name="android.intent.category.LAUNCHER" />
50-->src/main/AndroidManifest.xml:51:17-77
50-->src/main/AndroidManifest.xml:51:27-74
51            </intent-filter>
52        </activity>
53
54        <service
54-->src/main/AndroidManifest.xml:55:9-59:56
55            android:name="com.myapp.mybleserver.GattService"
55-->src/main/AndroidManifest.xml:56:13-40
56            android:enabled="true"
56-->src/main/AndroidManifest.xml:57:13-35
57            android:exported="false"
57-->src/main/AndroidManifest.xml:58:13-37
58            android:foregroundServiceType="dataSync" />
58-->src/main/AndroidManifest.xml:59:13-53
59        <service
59-->src/main/AndroidManifest.xml:62:9-69:19
60            android:name="com.myapp.mybleserver.MyNotificationListenerService"
60-->src/main/AndroidManifest.xml:63:13-58
61            android:exported="true"
61-->src/main/AndroidManifest.xml:65:13-36
62            android:permission="android.permission.BIND_NOTIFICATION_LISTENER_SERVICE" >
62-->src/main/AndroidManifest.xml:64:13-87
63            <intent-filter>
63-->src/main/AndroidManifest.xml:66:13-68:29
64                <action android:name="android.service.notification.NotificationListenerService" />
64-->src/main/AndroidManifest.xml:67:17-99
64-->src/main/AndroidManifest.xml:67:25-96
65            </intent-filter>
66        </service>
67    </application>
68
69</manifest>